Added Component: Designator=R1(R0603)
Add component. Clean all parameters for all variants
Add component (AddParameter): Name = "Add into BOM"; Value = "yes"; VariantName = "[No Variations]"
Add component (AddParameter): Name = "Convert to PCB"; Value = "yes"; VariantName = "[No Variations]"
Add component (AddParameter): Name = "Datasheet"; Value = "https://atta.szlcsc.com/upload/public/pdf/source/20171106/C137498_15099604779991093655.pdf"; VariantName = "[No Variations]"
Add component (AddParameter): Name = "Device"; Value = "RC0805FR-0768RL"; VariantName = "[No Variations]"
Add component (AddParameter): Name = "JLCPCB Part Class"; Value = "Extended Part"; VariantName = "[No Variations]"
Add component (AddParameter): Name = "LCSC Part Name"; Value = "68¦¸ ¡À1% 125mW"; VariantName = "[No Variations]"
Add component (AddParameter): Name = "Manufacturer"; Value = "YAGEO(¹ú¾Þ)"; VariantName = "[No Variations]"
Add component (AddParameter): Name = "Manufacturer Part"; Value = "RC0805FR-0768RL"; VariantName = "[No Variations]"
Add component (AddParameter): Name = "Name"; Value = "68¦¸"; VariantName = "[No Variations]"
Add component (AddParameter): Name = "Operating Temperature Range"; Value = "-55¡æ~+125¡æ"; VariantName = "[No Variations]"
Add component (AddParameter): Name = "Overload Voltage (Max)"; Value = "150V"; VariantName = "[No Variations]"
Add component (AddParameter): Name = "Power(Watts)"; Value = "125mW"; VariantName = "[No Variations]"
Add component (AddParameter): Name = "Supplier"; Value = "LCSC"; VariantName = "[No Variations]"
Add component (AddParameter): Name = "Supplier Footprint"; Value = "0805"; VariantName = "[No Variations]"
Add component (AddParameter): Name = "Supplier Part"; Value = "C137498"; VariantName = "[No Variations]"
Add component (AddParameter): Name = "Symbol"; Value = "RC0805FR-0768RL"; VariantName = "[No Variations]"
Add component (AddParameter): Name = "Temperature Coefficient"; Value = "¡À100ppm/¡æ"; VariantName = "[No Variations]"
Add component (AddParameter): Name = "Tolerance"; Value = "¡À1%"; VariantName = "[No Variations]"
Add component (AddParameter): Name = "Type"; Value = "ºñÄ¤µç×è"; VariantName = "[No Variations]"
Add component (AddParameter): Name = "Value"; Value = "68¦¸"; VariantName = "[No Variations]"
Added Pin To Net: NetName=NetLED1_2 Pin=R1-1
Added Pin To Net: NetName=5V Pin=R1-2
Added Member To Class: ClassName=Peripheral2 Member=Component R1 10K R0603
